2025-05-31 18:57:00,346 INFO: Confirmation email sent successfully to pwwppw78@gmail.com [in C:\Users\pwwpp\Websites\anmeldung-zeltlager\app.py:355]
2025-05-31 18:57:00,359 INFO: Registration 3 completed successfully with email confirmation [in C:\Users\pwwpp\Websites\anmeldung-zeltlager\app.py:728]
2025-05-31 18:57:53,790 INFO: Admin dashboard stats: {'total_registrations': 3, 'total_children': 4, 'cake_friday_count': 3, 'cake_sunday_count': 0, 'help_thursday_count': 0, 'help_sunday_count': 2} [in C:\Users\pwwpp\Websites\anmeldung-zeltlager\app.py:889]
2025-05-31 18:58:20,977 INFO: Received registration data [in C:\Users\pwwpp\Websites\anmeldung-zeltlager\app.py:656]
2025-05-31 18:58:20,981 INFO: Registration data stored in session for pwwppw78@gmail.com [in C:\Users\pwwpp\Websites\anmeldung-zeltlager\app.py:701]
2025-05-31 18:58:21,954 INFO: Confirmation email sent successfully to pwwppw78@gmail.com [in C:\Users\pwwpp\Websites\anmeldung-zeltlager\app.py:355]
2025-05-31 18:58:21,955 INFO: Registration 4 completed successfully with email confirmation [in C:\Users\pwwpp\Websites\anmeldung-zeltlager\app.py:728]
2025-05-31 19:10:37,934 INFO: Application startup [in C:\Users\pwwpp\Websites\anmeldung-zeltlager\app.py:96]
2025-05-31 19:10:43,881 INFO: Received registration data [in C:\Users\pwwpp\Websites\anmeldung-zeltlager\app.py:651]
2025-05-31 19:10:43,883 INFO: Registration data stored in session for pwwppw78@gmail.com [in C:\Users\pwwpp\Websites\anmeldung-zeltlager\app.py:696]
2025-05-31 19:10:45,095 INFO: Confirmation email sent successfully to pwwppw78@gmail.com [in C:\Users\pwwpp\Websites\anmeldung-zeltlager\app.py:355]
2025-05-31 19:10:45,097 INFO: Registration 5 completed successfully with email confirmation [in C:\Users\pwwpp\Websites\anmeldung-zeltlager\app.py:723]
2025-05-31 19:15:58,792 INFO: Application startup [in C:\Users\pwwpp\Websites\anmeldung-zeltlager\app.py:96]
2025-05-31 19:16:04,808 INFO: Received registration data [in C:\Users\pwwpp\Websites\anmeldung-zeltlager\app.py:647]
2025-05-31 19:16:04,809 INFO: Registration data stored in session for pwwppw78@gmail.com [in C:\Users\pwwpp\Websites\anmeldung-zeltlager\app.py:692]
2025-05-31 19:16:06,064 INFO: Confirmation email sent successfully to pwwppw78@gmail.com [in C:\Users\pwwpp\Websites\anmeldung-zeltlager\app.py:355]
2025-05-31 19:16:06,065 INFO: Registration 6 completed successfully with email confirmation [in C:\Users\pwwpp\Websites\anmeldung-zeltlager\app.py:719]
2025-05-31 19:16:24,549 INFO: Admin dashboard stats: {'total_registrations': 6, 'total_children': 8, 'cake_friday_count': 6, 'cake_sunday_count': 0, 'help_thursday_count': 0, 'help_sunday_count': 3} [in C:\Users\pwwpp\Websites\anmeldung-zeltlager\app.py:880]
2025-05-31 19:19:22,536 INFO: Application startup [in C:\Users\pwwpp\Websites\anmeldung-zeltlager\app.py:96]
2025-05-31 19:19:28,774 INFO: Received registration data [in C:\Users\pwwpp\Websites\anmeldung-zeltlager\app.py:646]
2025-05-31 19:19:28,776 INFO: Registration data stored in session for pwwppw78@gmail.com [in C:\Users\pwwpp\Websites\anmeldung-zeltlager\app.py:691]
2025-05-31 19:19:30,030 INFO: Confirmation email sent successfully to pwwppw78@gmail.com [in C:\Users\pwwpp\Websites\anmeldung-zeltlager\app.py:355]
2025-05-31 19:19:30,032 INFO: Registration 7 completed successfully with email confirmation [in C:\Users\pwwpp\Websites\anmeldung-zeltlager\app.py:718]
2025-05-31 19:19:57,218 INFO: Admin dashboard stats: {'total_registrations': 7, 'total_children': 9, 'cake_friday_count': 7, 'cake_sunday_count': 0, 'help_thursday_count': 0, 'help_sunday_count': 4} [in C:\Users\pwwpp\Websites\anmeldung-zeltlager\app.py:879]
2025-05-31 19:20:14,637 INFO: Deleted registration entry 7 [in C:\Users\pwwpp\Websites\anmeldung-zeltlager\app.py:1007]
2025-05-31 19:20:14,659 INFO: Admin dashboard stats: {'total_registrations': 6, 'total_children': 8, 'cake_friday_count': 6, 'cake_sunday_count': 0, 'help_thursday_count': 0, 'help_sunday_count': 3} [in C:\Users\pwwpp\Websites\anmeldung-zeltlager\app.py:879]
2025-05-31 19:20:18,474 INFO: Deleted all 6 registration entries [in C:\Users\pwwpp\Websites\anmeldung-zeltlager\app.py:1027]
2025-05-31 19:20:18,491 INFO: Admin dashboard stats: {'total_registrations': 0, 'total_children': 0, 'cake_friday_count': 0, 'cake_sunday_count': 0, 'help_thursday_count': 0, 'help_sunday_count': 0} [in C:\Users\pwwpp\Websites\anmeldung-zeltlager\app.py:879]
